make: Entering directory `/Users/nhanafi/Desktop/minishell'
mkdir -p obj
cc -I/Users/nhanafi/.brew/opt/readline/include -Wall -Werror -Wextra -I./include -c src/main.c -o obj/main.o
mkdir -p obj
cc -I/Users/nhanafi/.brew/opt/readline/include -Wall -Werror -Wextra -I./include -c src/ft_parcing.c -o obj/ft_parcing.o
mkdir -p obj/utils
cc -I/Users/nhanafi/.brew/opt/readline/include -Wall -Werror -Wextra -I./include -c src/utils/ft_join.c -o obj/utils/ft_join.o
mkdir -p obj/utils
cc -I/Users/nhanafi/.brew/opt/readline/include -Wall -Werror -Wextra -I./include -c src/utils/ft_strlen.c -o obj/utils/ft_strlen.o
mkdir -p obj/utils
cc -I/Users/nhanafi/.brew/opt/readline/include -Wall -Werror -Wextra -I./include -c src/utils/instr.c -o obj/utils/instr.o
mkdir -p obj/ast
cc -I/Users/nhanafi/.brew/opt/readline/include -Wall -Werror -Wextra -I./include -c src/ast/add_node.c -o obj/ast/add_node.o
mkdir -p obj/utils
cc -I/Users/nhanafi/.brew/opt/readline/include -Wall -Werror -Wextra -I./include -c src/utils/ft_split.c -o obj/utils/ft_split.o
mkdir -p obj/utils
cc -I/Users/nhanafi/.brew/opt/readline/include -Wall -Werror -Wextra -I./include -c src/utils/ft_strdup.c -o obj/utils/ft_strdup.o
mkdir -p obj/utils
cc -I/Users/nhanafi/.brew/opt/readline/include -Wall -Werror -Wextra -I./include -c src/utils/ft_substr.c -o obj/utils/ft_substr.o
mkdir -p obj/utils
cc -I/Users/nhanafi/.brew/opt/readline/include -Wall -Werror -Wextra -I./include -c src/utils/ft_strcmp.c -o obj/utils/ft_strcmp.o
cc -I/Users/nhanafi/.brew/opt/readline/include -Wall -Werror -Wextra -lreadline -L/Users/nhanafi/.brew/opt/readline/lib obj/main.o obj/ft_parcing.o obj/utils/ft_join.o obj/utils/ft_strlen.o obj/utils/instr.o obj/ast/add_node.o obj/utils/ft_split.o obj/utils/ft_strdup.o obj/utils/ft_substr.o obj/utils/ft_strcmp.o -o minishell
echo " ____ _______ _____ _    _  "
echo "|  _ \__   __/ ____| |  | | "
echo "| |_) | | | | (___ | |__| | "
echo "|  _ <  | |  \___ \|  __  | "
echo "| |_) | | |  ____) | |  | | "
echo "|____/  |_| |_____/|_|  |_| "                        
make: Leaving directory `/Users/nhanafi/Desktop/minishell'
 
