make all --print-data-base --no-builtin-variables --no-builtin-rules --question
# GNU Make 3.81
# Copyright (C) 2006  Free Software Foundation, Inc.
# This is free software; see the source for copying conditions.
# There is NO warranty; not even for MERCHANTABILITY or FITNESS FOR A
# PARTICULAR PURPOSE.

# This program built for i386-apple-darwin11.3.0
 

# Make data base, printed on Mon Aug 29 00:08:26 2022

# Variables

 
# automatic
<D = $(patsubst %/,%,$(dir $<))
# automatic
?F = $(notdir $?)
# makefile (from `Makefile', line 33)
OBJ = $(addprefix $(ODIR)/, $(FILES:=.o))
# environment
VSCODE_LOG_NATIVE = false
# automatic
?D = $(patsubst %/,%,$(dir $?))
# makefile (from `Makefile', line 16)
CPPFLAGS = -I/Users/nhanafi/.brew/opt/readline/include
# automatic
@D = $(patsubst %/,%,$(dir $@))
# automatic
@F = $(notdir $@)
# makefile
CURDIR := /Users/nhanafi/Desktop/minishell
# makefile
SHELL = /bin/sh
# environment
VSCODE_NLS_CONFIG = {"locale":"en-us","availableLanguages":{},"_languagePackSupport":true}
# environment
_ = /usr/bin/make
# makefile (from `Makefile', line 18)
CFLAGS = $(CPPFLAGS) -Wall -Werror -Wextra
# makefile (from `Makefile', line 1)
MAKEFILE_LIST :=  Makefile
# environment
VSCODE_VERBOSE_LOGGING = true
# environment
VSCODE_IPC_HOOK_EXTHOST = /var/folders/zz/zyxvpxvq6csfxvn_n000ccz400337s/T/vscode-ipc-4f3721e6-ae87-4f3b-b09d-1bc5a45bfd29.sock
# environment
VSCODE_CWD = /
# environment
PATH = /Users/nhanafi/goinfre/.brew/bin:/Users/nhanafi/.brew/bin:/usr/local/bin:/usr/bin:/bin:/usr/sbin:/sbin:/usr/local/munki
# environment
LSCOLORS = Gxfxcxdxbxegedabagacad
# environment
LaunchInstanceID = 7019DCE6-7CE4-4C0B-AE3A-0A330FE02BF5
# environment
VSCODE_LOG_STACK = false
# environment
ELECTRON_RUN_AS_NODE = 1
# makefile (from `Makefile', line 15)
LDFLAGS = -L/Users/nhanafi/.brew/opt/readline/lib
# default
.FEATURES := target-specific order-only second-expansion else-if archives jobserver check-symlink
# environment
SSH_AUTH_SOCK = /private/tmp/com.apple.launchd.MUHYRvBzh6/Listeners
# automatic
%F = $(notdir $%)
# environment
HOMEBREW_TEMP = /tmp/nhanafi/Homebrew/Temp
# environment
VSCODE_PIPE_LOGGING = true
# environment
PWD = /Users/nhanafi/Desktop/minishell
# environment
ORIGINAL_XDG_CURRENT_DESKTOP = undefined
# environment
VSCODE_AMD_ENTRYPOINT = vs/workbench/api/node/extensionHostProcess
# environment
HOME = /Users/nhanafi
# default
MAKEFILEPATH = $(shell /usr/bin/xcode-select -print-path 2>/dev/null || echo /Developer)/Makefiles
# environment
VSCODE_CODE_CACHE_PATH = /Users/nhanafi/Library/Application Support/Code/CachedData/57fd6d0195bb9b9d1b49f6da5db789060795de47
# environment
LOGNAME = nhanafi
# environment
APPLICATION_INSIGHTS_NO_DIAGNOSTIC_CHANNEL = 1
# makefile (from `Makefile', line 22)
HEADERS = include/minishell.h include/utils.h include/ast.h include/env.h
# environment
ZSH = /Users/nhanafi/.oh-my-zsh
# environment
VSCODE_HANDLES_UNCAUGHT_ERRORS = true
# automatic
^D = $(patsubst %/,%,$(dir $^))
# environment
XPC_FLAGS = 0x0
# default
MAKE = $(MAKE_COMMAND)
# default
MAKECMDGOALS := all
# environment
HOMEBREW_CACHE = /tmp/nhanafi/Homebrew/Caches
# environment
SHLVL = 1
# makefile (from `Makefile', line 13)
CC = cc
# makefile (from `Makefile', line 24)
ODIR = obj
# default
MAKE_VERSION := 3.81
# environment
USER = nhanafi
# makefile
.DEFAULT_GOAL := all
# makefile (from `Makefile', line 34)
NAME = minishell
# environment
LESS = -R
# automatic
%D = $(patsubst %/,%,$(dir $%))
# default
MAKE_COMMAND := /Library/Developer/CommandLineTools/usr/bin/make
# makefile (from `Makefile', line 20)
INC = -I./include
# default
.VARIABLES := 
# environment
TMPDIR = /var/folders/zz/zyxvpxvq6csfxvn_n000ccz400337s/T/
# automatic
*F = $(notdir $*)
# environment
VSCODE_IPC_HOOK = /Users/nhanafi/Library/Application Support/Code/1.67.0-main.sock
# makefile
MAKEFLAGS = Rrqp
# environment
MFLAGS = -Rrqp
# automatic
*D = $(patsubst %/,%,$(dir $*))
# environment
XPC_SERVICE_NAME = com.apple.xpc.launchd.oneshot.0x10000002.Electron
# automatic
+D = $(patsubst %/,%,$(dir $+))
# automatic
+F = $(notdir $+)
# environment
__CF_USER_TEXT_ENCODING = 0x18CF9:0:0
# environment
COMMAND_MODE = unix2003
# default
MAKEFILES := 
# environment
HOMEBREW_NO_AUTO_UPDATE = 1
# automatic
<F = $(notdir $<)
# environment
PAGER = less
# environment
LC_ALL = C
# environment
SECURITYSESSIONID = 186a7
# automatic
^F = $(notdir $^)
# default
SUFFIXES := 
# default
.INCLUDE_DIRS = /usr/local/include
# environment
MAKELEVEL := 0
# environment
LANG = C
# environment
VSCODE_PID = 949
# makefile (from `Makefile', line 25)
FILES = main pars/check_err pars/ft_comp pars/ft_parsing pars/ft_comp list/list utils/ft_atoi utils/ft_join utils/ft_putstr_fd utils/ft_split utils/ft_strcmp utils/ft_strdup utils/ft_strlen utils/ft_substr utils/instr excu/ft_cd excu/ft_echo excu/ft_exit excu/ft_pwd excu/exec_ast excu/ft_or_and excu/ft_pipe excu/get_path ast/add_node ast/ft_cmd ast/ft_lvl1 ast/ft_lvl2 ast/ft_lvl3 ast/read_eof
# variable set hash-table stats:
# Load=80/1024=8%, Rehash=0, Collisions=3/118=3%

# Pattern-specific Variable Values

# No pattern-specific variable values.

# Directories

# include (device 16777225, inode 1036576): 6 files, no impossibilities so far.
# . (device 16777225, inode 990215): 17 files, no impossibilities.
# src/list (device 16777225, inode 2026469): 3 files, no impossibilities so far.
# src/utils (device 16777225, inode 1036583): 11 files, no impossibilities so far.
# src (device 16777225, inode 1036579): 7 files, no impossibilities so far.
# src/excu (device 16777225, inode 1987314): 9 files, no impossibilities so far.
# src/pars (device 16777225, inode 2047877): 5 files, no impossibilities so far.

# 58 files, no impossibilities in 7 directories.

# Implicit Rules

obj/%.o: src/%.c include/minishell.h include/utils.h include/ast.h include/env.h
#  commands to execute (from `Makefile', line 48):
	@mkdir -p $(@D)
	@$(CC) $(CFLAGS) $(INC) -c $< -o $@
	
 

# 1 implicit rules, 0 (0.0%) terminal.

# Files

obj/utils/ft_substr.o: src/utils/ft_substr.c include/minishell.h include/utils.h include/ast.h include/env.h
#  Implicit rule search has been done.
#  Implicit/static pattern stem: `utils/ft_substr'
#  Last modified 2022-08-28 21:57:48
#  File has been updated.
#  Successfully updated.
# variable set hash-table stats:
# Load=0/32=0%, Rehash=0, Collisions=0/0=0%
#  commands to execute (from `Makefile', line 48):
	@mkdir -p $(@D)
	@$(CC) $(CFLAGS) $(INC) -c $< -o $@
	

# Not a target:
src/excu/ft_pwd.c:
#  Implicit rule search has been done.
#  Last modified 2022-08-27 23:52:32
#  File has been updated.
#  Successfully updated.
# variable set hash-table stats:
# Load=0/32=0%, Rehash=0, Collisions=0/0=0%

# Not a target:
src/list/list.c:
#  Implicit rule search has been done.
#  Last modified 2022-08-28 01:14:40
#  File has been updated.
#  Successfully updated.
# variable set hash-table stats:
# Load=0/32=0%, Rehash=0, Collisions=0/0=0%

obj/pars/check_err.o: src/pars/check_err.c include/minishell.h include/utils.h include/ast.h include/env.h
#  Implicit rule search has been done.
#  Implicit/static pattern stem: `pars/check_err'
#  Last modified 2022-08-28 21:57:48
#  File has been updated.
#  Successfully updated.
# variable set hash-table stats:
# Load=0/32=0%, Rehash=0, Collisions=0/0=0%
#  commands to execute (from `Makefile', line 48):
	@mkdir -p $(@D)
	@$(CC) $(CFLAGS) $(INC) -c $< -o $@
	

all: minishell
#  Phony target (prerequisite of .PHONY).
#  Command-line target.
#  Implicit rule search has not been done.
#  File does not exist.
#  File has been updated.
#  Needs to be updated (-q is set).
# variable set hash-table stats:
# Load=0/32=0%, Rehash=0, Collisions=0/7=0%

# Not a target:
include/minishell.h:
#  Implicit rule search has been done.
#  Last modified 2022-08-28 04:35:36
#  File has been updated.
#  Successfully updated.
# variable set hash-table stats:
# Load=0/32=0%, Rehash=0, Collisions=0/0=0%

obj/excu/ft_cd.o: src/excu/ft_cd.c include/minishell.h include/utils.h include/ast.h include/env.h
#  Implicit rule search has been done.
#  Implicit/static pattern stem: `excu/ft_cd'
#  Last modified 2022-08-28 21:57:48
#  File has been updated.
#  Successfully updated.
# variable set hash-table stats:
# Load=0/32=0%, Rehash=0, Collisions=0/0=0%
#  commands to execute (from `Makefile', line 48):
	@mkdir -p $(@D)
	@$(CC) $(CFLAGS) $(INC) -c $< -o $@
	

.PHONY: re fclean clean all
#  Implicit rule search has not been done.
#  Modification time never checked.
#  File has not been updated.

# Not a target:
include/env.h:
#  Implicit rule search has been done.
#  Last modified 2022-08-28 02:29:26
#  File has been updated.
#  Successfully updated.
# variable set hash-table stats:
# Load=0/32=0%, Rehash=0, Collisions=0/0=0%

# Not a target:
obj/excu/ft_or_and.o:
#  Implicit rule search has not been done.
#  Modification time never checked.
#  File has not been updated.

# Not a target:
obj/ast/ft_cmd.o:
#  Implicit rule search has not been done.
#  Modification time never checked.
#  File has not been updated.

obj/utils/ft_strcmp.o: src/utils/ft_strcmp.c include/minishell.h include/utils.h include/ast.h include/env.h
#  Implicit rule search has been done.
#  Implicit/static pattern stem: `utils/ft_strcmp'
#  Last modified 2022-08-28 21:57:48
#  File has been updated.
#  Successfully updated.
# variable set hash-table stats:
# Load=0/32=0%, Rehash=0, Collisions=0/0=0%
#  commands to execute (from `Makefile', line 48):
	@mkdir -p $(@D)
	@$(CC) $(CFLAGS) $(INC) -c $< -o $@
	

# Not a target:
obj/ast/add_node.o:
#  Implicit rule search has not been done.
#  Modification time never checked.
#  File has not been updated.

obj/utils/ft_strdup.o: src/utils/ft_strdup.c include/minishell.h include/utils.h include/ast.h include/env.h
#  Implicit rule search has been done.
#  Implicit/static pattern stem: `utils/ft_strdup'
#  Last modified 2022-08-28 21:57:48
#  File has been updated.
#  Successfully updated.
# variable set hash-table stats:
# Load=0/32=0%, Rehash=0, Collisions=0/0=0%
#  commands to execute (from `Makefile', line 48):
	@mkdir -p $(@D)
	@$(CC) $(CFLAGS) $(INC) -c $< -o $@
	

obj/main.o: src/main.c include/minishell.h include/utils.h include/ast.h include/env.h
#  Implicit rule search has been done.
#  Implicit/static pattern stem: `main'
#  Last modified 2022-08-28 21:57:48
#  File has been updated.
#  Successfully updated.
# variable set hash-table stats:
# Load=0/32=0%, Rehash=0, Collisions=0/0=0%
#  commands to execute (from `Makefile', line 48):
	@mkdir -p $(@D)
	@$(CC) $(CFLAGS) $(INC) -c $< -o $@
	

# Not a target:
.SUFFIXES:
#  Implicit rule search has not been done.
#  Modification time never checked.
#  File has not been updated.

# Not a target:
src/utils/ft_substr.c:
#  Implicit rule search has been done.
#  Last modified 2022-08-22 23:43:13
#  File has been updated.
#  Successfully updated.
# variable set hash-table stats:
# Load=0/32=0%, Rehash=0, Collisions=0/0=0%

# Not a target:
Makefile:
#  Implicit rule search has been done.
#  Last modified 2022-08-29 00:08:22
#  File has been updated.
#  Successfully updated.
# variable set hash-table stats:
# Load=0/32=0%, Rehash=0, Collisions=0/0=0%

obj/excu/exec_ast.o: src/excu/exec_ast.c include/minishell.h include/utils.h include/ast.h include/env.h
#  Implicit rule search has been done.
#  Implicit/static pattern stem: `excu/exec_ast'
#  Last modified 2022-08-28 21:57:48
#  File has been updated.
#  Needs to be updated (-q is set).
# automatic
# @ := obj/excu/exec_ast.o
# automatic
# % := 
# automatic
# * := excu/exec_ast
# automatic
# + := src/excu/exec_ast.c include/minishell.h include/utils.h include/ast.h include/env.h
# automatic
# | := 
# automatic
# < := src/excu/exec_ast.c
# automatic
# ^ := src/excu/exec_ast.c include/minishell.h include/utils.h include/ast.h include/env.h
# automatic
# ? := src/excu/exec_ast.c
# variable set hash-table stats:
# Load=8/32=25%, Rehash=0, Collisions=1/18=6%
#  commands to execute (from `Makefile', line 48):
	@mkdir -p $(@D)
	@$(CC) $(CFLAGS) $(INC) -c $< -o $@
	

obj/utils/instr.o: src/utils/instr.c include/minishell.h include/utils.h include/ast.h include/env.h
#  Implicit rule search has been done.
#  Implicit/static pattern stem: `utils/instr'
#  Last modified 2022-08-28 21:57:48
#  File has been updated.
#  Successfully updated.
# variable set hash-table stats:
# Load=0/32=0%, Rehash=0, Collisions=0/0=0%
#  commands to execute (from `Makefile', line 48):
	@mkdir -p $(@D)
	@$(CC) $(CFLAGS) $(INC) -c $< -o $@
	

# Not a target:
src/pars/check_err.c:
#  Implicit rule search has been done.
#  Last modified 2022-08-28 03:21:21
#  File has been updated.
#  Successfully updated.
# variable set hash-table stats:
# Load=0/32=0%, Rehash=0, Collisions=0/0=0%

# Not a target:
obj/ast/ft_lvl3.o:
#  Implicit rule search has not been done.
#  Modification time never checked.
#  File has not been updated.

obj/utils/ft_putstr_fd.o: src/utils/ft_putstr_fd.c include/minishell.h include/utils.h include/ast.h include/env.h
#  Implicit rule search has been done.
#  Implicit/static pattern stem: `utils/ft_putstr_fd'
#  Last modified 2022-08-28 21:57:48
#  File has been updated.
#  Successfully updated.
# variable set hash-table stats:
# Load=0/32=0%, Rehash=0, Collisions=0/0=0%
#  commands to execute (from `Makefile', line 48):
	@mkdir -p $(@D)
	@$(CC) $(CFLAGS) $(INC) -c $< -o $@
	

obj/excu/ft_echo.o: src/excu/ft_echo.c include/minishell.h include/utils.h include/ast.h include/env.h
#  Implicit rule search has been done.
#  Implicit/static pattern stem: `excu/ft_echo'
#  Last modified 2022-08-28 21:57:48
#  File has been updated.
#  Successfully updated.
# variable set hash-table stats:
# Load=0/32=0%, Rehash=0, Collisions=0/0=0%
#  commands to execute (from `Makefile', line 48):
	@mkdir -p $(@D)
	@$(CC) $(CFLAGS) $(INC) -c $< -o $@
	

# Not a target:
src/excu/ft_cd.c:
#  Implicit rule search has been done.
#  Last modified 2022-08-27 23:52:08
#  File has been updated.
#  Successfully updated.
# variable set hash-table stats:
# Load=0/32=0%, Rehash=0, Collisions=0/0=0%

 
obj/utils/ft_atoi.o: src/utils/ft_atoi.c include/minishell.h include/utils.h include/ast.h include/env.h
#  Implicit rule search has been done.
#  Implicit/static pattern stem: `utils/ft_atoi'
#  Last modified 2022-08-28 21:57:48
#  File has been updated.
#  Successfully updated.
# variable set hash-table stats:
# Load=0/32=0%, Rehash=0, Collisions=0/0=0%
#  commands to execute (from `Makefile', line 48):
	@mkdir -p $(@D)
	@$(CC) $(CFLAGS) $(INC) -c $< -o $@
	

minishell: obj/main.o obj/pars/check_err.o obj/pars/ft_comp.o obj/pars/ft_parsing.o obj/pars/ft_comp.o obj/list/list.o obj/utils/ft_atoi.o obj/utils/ft_join.o obj/utils/ft_putstr_fd.o obj/utils/ft_split.o obj/utils/ft_strcmp.o obj/utils/ft_strdup.o obj/utils/ft_strlen.o obj/utils/ft_substr.o obj/utils/instr.o obj/excu/ft_cd.o obj/excu/ft_echo.o obj/excu/ft_exit.o obj/excu/ft_pwd.o obj/excu/exec_ast.o obj/excu/ft_or_and.o obj/excu/ft_pipe.o obj/excu/get_path.o obj/ast/add_node.o obj/ast/ft_cmd.o obj/ast/ft_lvl1.o obj/ast/ft_lvl2.o obj/ast/ft_lvl3.o obj/ast/read_eof.o
#  Implicit rule search has not been done.
#  Last modified 2022-08-28 21:57:49
#  File has been updated.
#  Needs to be updated (-q is set).
# variable set hash-table stats:
# Load=0/32=0%, Rehash=0, Collisions=0/7=0%
#  commands to execute (from `Makefile', line 39):
	@$(CC) $(CFLAGS) -lreadline $(LDFLAGS) $^ -o $@
	@echo " ____ _______ _____ _    _  "
	@echo "|  _ \__   __/ ____| |  | | "
	@echo "| |_) | | | | (___ | |__| | " 
	@echo "|  _ <  | |  \___ \|  __  | "
	@echo "| |_) | | |  ____) | |  | | "
	@echo "|____/  |_| |_____/|_|  |_| "                        
	

# Not a target:
include/ast.h:
#  Implicit rule search has been done.
#  Last modified 2022-08-28 03:52:45
#  File has been updated.
#  Successfully updated.
# variable set hash-table stats:
# Load=0/32=0%, Rehash=0, Collisions=0/0=0%

obj/pars/ft_parsing.o: src/pars/ft_parsing.c include/minishell.h include/utils.h include/ast.h include/env.h
#  Implicit rule search has been done.
#  Implicit/static pattern stem: `pars/ft_parsing'
#  Last modified 2022-08-28 21:57:48
#  File has been updated.
#  Successfully updated.
# variable set hash-table stats:
# Load=0/32=0%, Rehash=0, Collisions=0/0=0%
#  commands to execute (from `Makefile', line 48):
	@mkdir -p $(@D)
	@$(CC) $(CFLAGS) $(INC) -c $< -o $@
	

obj/pars/ft_comp.o: src/pars/ft_comp.c include/minishell.h include/utils.h include/ast.h include/env.h
#  Implicit rule search has been done.
#  Implicit/static pattern stem: `pars/ft_comp'
#  Last modified 2022-08-28 21:57:48
#  File has been updated.
#  Successfully updated.
# variable set hash-table stats:
# Load=0/32=0%, Rehash=0, Collisions=0/0=0%
#  commands to execute (from `Makefile', line 48):
	@mkdir -p $(@D)
	@$(CC) $(CFLAGS) $(INC) -c $< -o $@
	

# Not a target:
src/utils/ft_strcmp.c:
#  Implicit rule search has been done.
#  Last modified 2022-08-25 04:55:43
#  File has been updated.
#  Successfully updated.
# variable set hash-table stats:
# Load=0/32=0%, Rehash=0, Collisions=0/0=0%

fclean: clean
#  Phony target (prerequisite of .PHONY).
#  Implicit rule search has not been done.
#  File does not exist.
#  File has not been updated.
#  commands to execute (from `Makefile', line 55):
	rm -rf $(NAME)
	

# Not a target:
src/utils/ft_strdup.c:
#  Implicit rule search has been done.
#  Last modified 2022-08-22 23:43:13
#  File has been updated.
#  Successfully updated.
# variable set hash-table stats:
# Load=0/32=0%, Rehash=0, Collisions=0/0=0%

# Not a target:
src/main.c:
#  Implicit rule search has been done.
#  Last modified 2022-08-28 01:13:12
#  File has been updated.
#  Successfully updated.
# variable set hash-table stats:
# Load=0/32=0%, Rehash=0, Collisions=0/0=0%

# Not a target:
obj/excu/ft_pipe.o:
#  Implicit rule search has not been done.
#  Modification time never checked.
#  File has not been updated.

# Not a target:
src/excu/exec_ast.c:
#  Implicit rule search has been done.
#  Last modified 2022-08-29 00:01:41
#  File has been updated.
#  Successfully updated.
# variable set hash-table stats:
# Load=0/32=0%, Rehash=0, Collisions=0/0=0%

# Not a target:
src/utils/instr.c:
#  Implicit rule search has been done.
#  Last modified 2022-08-28 01:19:42
#  File has been updated.
#  Successfully updated.
# variable set hash-table stats:
# Load=0/32=0%, Rehash=0, Collisions=0/0=0%

# Not a target:
obj/ast/read_eof.o:
#  Implicit rule search has not been done.
#  Modification time never checked.
#  File has not been updated.

# Not a target:
src/utils/ft_putstr_fd.c:
#  Implicit rule search has been done.
#  Last modified 2022-08-26 02:30:10
#  File has been updated.
#  Successfully updated.
# variable set hash-table stats:
# Load=0/32=0%, Rehash=0, Collisions=0/0=0%

obj/utils/ft_strlen.o: src/utils/ft_strlen.c include/minishell.h include/utils.h include/ast.h include/env.h
#  Implicit rule search has been done.
#  Implicit/static pattern stem: `utils/ft_strlen'
#  Last modified 2022-08-28 21:57:48
#  File has been updated.
#  Successfully updated.
# variable set hash-table stats:
# Load=0/32=0%, Rehash=0, Collisions=0/0=0%
#  commands to execute (from `Makefile', line 48):
	@mkdir -p $(@D)
	@$(CC) $(CFLAGS) $(INC) -c $< -o $@
	

# Not a target:
src/excu/ft_echo.c:
#  Implicit rule search has been done.
#  Last modified 2022-08-27 23:52:28
#  File has been updated.
#  Successfully updated.
# variable set hash-table stats:
# Load=0/32=0%, Rehash=0, Collisions=0/0=0%

# Not a target:
.DEFAULT:
#  Implicit rule search has not been done.
#  Modification time never checked.
#  File has not been updated.

re: fclean all
#  Phony target (prerequisite of .PHONY).
#  Implicit rule search has not been done.
#  File does not exist.
#  File has not been updated.

# Not a target:
src/utils/ft_atoi.c:
#  Implicit rule search has been done.
#  Last modified 2022-08-28 00:35:16
#  File has been updated.
#  Successfully updated.
# variable set hash-table stats:
# Load=0/32=0%, Rehash=0, Collisions=0/0=0%

clean:
#  Phony target (prerequisite of .PHONY).
#  Implicit rule search has not been done.
#  File does not exist.
#  File has not been updated.
#  commands to execute (from `Makefile', line 52):
	rm -rf $(ODIR)
	

# Not a target:
obj/ast/ft_lvl1.o:
#  Implicit rule search has not been done.
#  Modification time never checked.
#  File has not been updated.

obj/excu/ft_exit.o: src/excu/ft_exit.c include/minishell.h include/utils.h include/ast.h include/env.h
#  Implicit rule search has been done.
#  Implicit/static pattern stem: `excu/ft_exit'
#  Last modified 2022-08-28 21:57:48
#  File has been updated.
#  Successfully updated.
# variable set hash-table stats:
# Load=0/32=0%, Rehash=0, Collisions=0/0=0%
#  commands to execute (from `Makefile', line 48):
	@mkdir -p $(@D)
	@$(CC) $(CFLAGS) $(INC) -c $< -o $@
	

# Not a target:
src/pars/ft_parsing.c:
#  Implicit rule search has been done.
#  Last modified 2022-08-28 01:18:19
#  File has been updated.
#  Successfully updated.
# variable set hash-table stats:
# Load=0/32=0%, Rehash=0, Collisions=0/0=0%

obj/utils/ft_split.o: src/utils/ft_split.c include/minishell.h include/utils.h include/ast.h include/env.h
#  Implicit rule search has been done.
#  Implicit/static pattern stem: `utils/ft_split'
#  Last modified 2022-08-28 21:57:48
#  File has been updated.
#  Successfully updated.
# variable set hash-table stats:
# Load=0/32=0%, Rehash=0, Collisions=0/0=0%
#  commands to execute (from `Makefile', line 48):
	@mkdir -p $(@D)
	@$(CC) $(CFLAGS) $(INC) -c $< -o $@
	

# Not a target:
src/pars/ft_comp.c:
#  Implicit rule search has been done.
#  Last modified 2022-08-28 00:38:41
#  File has been updated.
#  Successfully updated.
# variable set hash-table stats:
# Load=0/32=0%, Rehash=0, Collisions=0/0=0%

obj/utils/ft_join.o: src/utils/ft_join.c include/minishell.h include/utils.h include/ast.h include/env.h
#  Implicit rule search has been done.
#  Implicit/static pattern stem: `utils/ft_join'
#  Last modified 2022-08-28 21:57:48
#  File has been updated.
#  Successfully updated.
# variable set hash-table stats:
# Load=0/32=0%, Rehash=0, Collisions=0/0=0%
#  commands to execute (from `Makefile', line 48):
 
	@mkdir -p $(@D)
	@$(CC) $(CFLAGS) $(INC) -c $< -o $@
	

obj/excu/ft_pwd.o: src/excu/ft_pwd.c include/minishell.h include/utils.h include/ast.h include/env.h
#  Implicit rule search has been done.
#  Implicit/static pattern stem: `excu/ft_pwd'
#  Last modified 2022-08-28 21:57:48
#  File has been updated.
#  Successfully updated.
# variable set hash-table stats:
# Load=0/32=0%, Rehash=0, Collisions=0/0=0%
#  commands to execute (from `Makefile', line 48):
	@mkdir -p $(@D)
	@$(CC) $(CFLAGS) $(INC) -c $< -o $@
	

obj/list/list.o: src/list/list.c include/minishell.h include/utils.h include/ast.h include/env.h
#  Implicit rule search has been done.
#  Implicit/static pattern stem: `list/list'
#  Last modified 2022-08-28 21:57:48
#  File has been updated.
#  Successfully updated.
# variable set hash-table stats:
# Load=0/32=0%, Rehash=0, Collisions=0/0=0%
#  commands to execute (from `Makefile', line 48):
	@mkdir -p $(@D)
	@$(CC) $(CFLAGS) $(INC) -c $< -o $@
	

# Not a target:
obj/excu/get_path.o:
#  Implicit rule search has not been done.
#  Modification time never checked.
#  File has not been updated.

# Not a target:
src/utils/ft_strlen.c:
#  Implicit rule search has been done.
#  Last modified 2022-08-25 04:54:35
#  File has been updated.
#  Successfully updated.
# variable set hash-table stats:
# Load=0/32=0%, Rehash=0, Collisions=0/0=0%

# Not a target:
obj/ast/ft_lvl2.o:
#  Implicit rule search has not been done.
#  Modification time never checked.
#  File has not been updated.

# Not a target:
include/utils.h:
#  Implicit rule search has been done.
#  Last modified 2022-08-28 01:24:31
#  File has been updated.
#  Successfully updated.
# variable set hash-table stats:
# Load=0/32=0%, Rehash=0, Collisions=0/0=0%

# Not a target:
src/excu/ft_exit.c:
#  Implicit rule search has been done.
#  Last modified 2022-08-28 00:34:30
#  File has been updated.
#  Successfully updated.
# variable set hash-table stats:
# Load=0/32=0%, Rehash=0, Collisions=0/0=0%

# Not a target:
src/utils/ft_split.c:
#  Implicit rule search has been done.
#  Last modified 2022-08-22 23:43:13
#  File has been updated.
#  Successfully updated.
# variable set hash-table stats:
# Load=0/32=0%, Rehash=0, Collisions=0/0=0%

# Not a target:
src/utils/ft_join.c:
#  Implicit rule search has been done.
#  Last modified 2022-08-25 04:54:13
#  File has been updated.
#  Successfully updated.
# variable set hash-table stats:
# Load=0/32=0%, Rehash=0, Collisions=0/0=0%

# files hash-table stats:
# Load=60/1024=6%, Rehash=0, Collisions=0/319=0%
# VPATH Search Paths

# No `vpath' search paths.

# No general (`VPATH' variable) search path.

# # of strings in strcache: 1
# # of strcache buffers: 1
# strcache size: total = 4096 / max = 4096 / min = 4096 / avg = 4096
# strcache free: total = 4087 / max = 4087 / min = 4087 / avg = 4087

# Finished Make data base on Mon Aug 29 00:08:26 2022

 
